open source     > level 1, order 1, name '/usr/share/texmf/tex/context/base/mkiv/cont-yes.mkiv'
system          > 
system          > ConTeXt  ver: 2021.03.05 19:11 MKIV  fmt: 2026.1.7  int: english/english
system          > 
system          > 'cont-new.mkiv' loaded
open source     > level 2, order 2, name '/usr/share/texmf/tex/context/base/mkiv/cont-new.mkiv'
system          > beware: some patches loaded from cont-new.mkiv
close source    > level 2, order 2, name '/usr/share/texmf/tex/context/base/mkiv/cont-new.mkiv'
system          > files > jobname 'portada', input './portada', result 'portada'
fonts           > latin modern fonts are not preloaded
languages       > language 'en' is active
open source     > level 2, order 3, name '/eVΛ/eCEL/ThöEv-RgB/GRF2026/PDF/Images/portada.tex'

tex error       > tex error on line 28 in file /eVΛ/eCEL/ThöEv-RgB/GRF2026/PDF/Images/portada.tex: ! Use of \grph_include_figure doesn't match its definition


\dotripleempty #1->\t_syst_aux {#1}
                                   \let \m_syst_action_yes \syst_helpers_triple_empty_one_yes \let \m_syst_action_nop \syst_helpers_triple_empty_one_nop \let \if_next_blank_space_token \iffalse \futurelet \nexttoken \syst_helpers_inspect_next_opti...
\currentlayer ->\externalfigure 
                                [paper-texture.png
\layerparameter #1->\csname \ifcsname \??layer \currentlayer 
                                                             :#1\endcsname \??layer \currentlayer :#1\else \expandafter \dolayerparentparameter \csname \??layer \currentlayer :\s!parent \endcsname {#1}\fi \endcsname 
\pack_layers_set ...roup \checkpositionoverlays \edef \currentlayer {#1}\edef \p_pack_layers_state {\layerparameter \c!state 
                                                                                                                             }\ifx \p_pack_layers_state \v!stop \dowithnextboxcs \egroup \hbox \else \ifthirdargument \pack_layers_set_indeed [#1][#2][...
<to be read again> 
{
\98>paperbg ->\setlayer [\externalfigure [paper-texture.png]{
                                                             \executedefinedoverlay {paperbg}{width=\paperwidth ,height=\paperheight }}
...
l.28 
   

18     \definecolor[TitleColor][h=3b2f25]
19     \definecolor[RuleColor][h=6c5a4f]
20     
21     \def\TitleRule{%
22       \blank[small]
23       {\color[RuleColor]{\hrule height .6pt}}
24       \blank[small]}
25     
26     \starttext
27     \startstandardmakeup
28 >>  
29     {\switchtobodyfont[20pt]\bf\color[TitleColor]{DEVOLVIENDO LA MANZANA}}
30     \blank[small]
31     {\switchtobodyfont[14pt]\sc\color[TitleColor]{DE NEWTON A LE SAGE}}
32     
33     \TitleRule
34     
35     {\it
36       "En toda materia: los primeros sistemas son demasiado limitados,
37       demasiado estrechos, demasiado tímidos. Y parece que la verdad
38       misma no sea el precio sino de cierta audacia de razón."

